[debug] [2022-12-06T04:47:54.156Z] ----------------------------------------------------------------------
[debug] [2022-12-06T04:47:54.157Z] Command:       /usr/local/bin/firebase /Users/andrewharris/.cache/firebase/tools/lib/node_modules/firebase-tools/lib/bin/firebase init
[debug] [2022-12-06T04:47:54.158Z] CLI Version:   11.16.1
[debug] [2022-12-06T04:47:54.158Z] Platform:      darwin
[debug] [2022-12-06T04:47:54.158Z] Node Version:  v16.16.0
[debug] [2022-12-06T04:47:54.159Z] Time:          Mon Dec 05 2022 23:47:54 GMT-0500 (Eastern Standard Time)
[debug] [2022-12-06T04:47:54.159Z] ----------------------------------------------------------------------
[debug] 
[debug] [2022-12-06T04:47:54.170Z] > command requires scopes: ["email","openid","https://www.googleapis.com/auth/cloudplatformprojects.readonly","https://www.googleapis.com/auth/firebase","https://www.googleapis.com/auth/cloud-platform"]
[debug] [2022-12-06T04:47:54.171Z] > authorizing via signed-in user (abhpro@gmail.com)
[info] 
     ######## #### ########  ######## ########     ###     ######  ########
     ##        ##  ##     ## ##       ##     ##  ##   ##  ##       ##
     ######    ##  ########  ######   ########  #########  ######  ######
     ##        ##  ##    ##  ##       ##     ## ##     ##       ## ##
     ##       #### ##     ## ######## ########  ##     ##  ######  ########

You're about to initialize a Firebase project in this directory:

  /Users/andrewharris/Documents/dev/eloradio

[info] 
=== Project Setup
[info] 
[info] First, let's associate this project directory with a Firebase project.
[info] You can create multiple project aliases by running firebase use --add, 
[info] but for now we'll just set up a default project.
[info] 
[debug] [2022-12-06T04:47:59.160Z] >>> [apiv2][query] GET https://firebase.googleapis.com/v1beta1/projects pageSize=100
[debug] [2022-12-06T04:48:00.106Z] <<< [apiv2][status] GET https://firebase.googleapis.com/v1beta1/projects 200
[debug] [2022-12-06T04:48:00.106Z] <<< [apiv2][body] GET https://firebase.googleapis.com/v1beta1/projects [omitted]
[info] i  Using project eloradio-cb017 (eloradio) 
[info] 
=== Firestore Setup
[debug] [2022-12-06T04:48:01.691Z] >>> [apiv2][query] GET https://serviceusage.googleapis.com/v1/projects/eloradio-cb017/services/firestore.googleapis.com [none]
[debug] [2022-12-06T04:48:01.691Z] >>> [apiv2][(partial)header] GET https://serviceusage.googleapis.com/v1/projects/eloradio-cb017/services/firestore.googleapis.com x-goog-quota-user=projects/eloradio-cb017
[debug] [2022-12-06T04:48:02.507Z] <<< [apiv2][status] GET https://serviceusage.googleapis.com/v1/projects/eloradio-cb017/services/firestore.googleapis.com 200
[debug] [2022-12-06T04:48:02.510Z] <<< [apiv2][body] GET https://serviceusage.googleapis.com/v1/projects/eloradio-cb017/services/firestore.googleapis.com [omitted]
[debug] [2022-12-06T04:48:02.511Z] >>> [apiv2][query] GET https://appengine.googleapis.com/v1/apps/eloradio-cb017 [none]
[debug] [2022-12-06T04:48:03.085Z] <<< [apiv2][status] GET https://appengine.googleapis.com/v1/apps/eloradio-cb017 200
[debug] [2022-12-06T04:48:03.088Z] <<< [apiv2][body] GET https://appengine.googleapis.com/v1/apps/eloradio-cb017 {"name":"apps/eloradio-cb017","id":"eloradio-cb017","authDomain":"gmail.com","locationId":"us-central","codeBucket":"staging.eloradio-cb017.appspot.com","servingStatus":"SERVING","defaultHostname":"eloradio-cb017.uc.r.appspot.com","defaultBucket":"eloradio-cb017.appspot.com","serviceAccount":"eloradio-cb017@appspot.gserviceaccount.com","gcrDomain":"us.gcr.io","databaseType":"CLOUD_FIRESTORE","featureSettings":{"splitHealthChecks":true,"useContainerOptimizedOs":true}}
[debug] [2022-12-06T04:48:03.088Z] database_type: CLOUD_FIRESTORE
[debug] [2022-12-06T04:48:03.089Z] > command requires scopes: ["email","openid","https://www.googleapis.com/auth/cloudplatformprojects.readonly","https://www.googleapis.com/auth/firebase","https://www.googleapis.com/auth/cloud-platform"]
[debug] [2022-12-06T04:48:03.089Z] > authorizing via signed-in user (abhpro@gmail.com)
[debug] [2022-12-06T04:48:03.090Z] [iam] checking project eloradio-cb017 for permissions ["firebase.projects.get"]
[debug] [2022-12-06T04:48:03.091Z] >>> [apiv2][query] POST https://cloudresourcemanager.googleapis.com/v1/projects/eloradio-cb017:testIamPermissions [none]
[debug] [2022-12-06T04:48:03.091Z] >>> [apiv2][(partial)header] POST https://cloudresourcemanager.googleapis.com/v1/projects/eloradio-cb017:testIamPermissions x-goog-quota-user=projects/eloradio-cb017
[debug] [2022-12-06T04:48:03.091Z] >>> [apiv2][body] POST https://cloudresourcemanager.googleapis.com/v1/projects/eloradio-cb017:testIamPermissions {"permissions":["firebase.projects.get"]}
[debug] [2022-12-06T04:48:03.676Z] <<< [apiv2][status] POST https://cloudresourcemanager.googleapis.com/v1/projects/eloradio-cb017:testIamPermissions 200
[debug] [2022-12-06T04:48:03.676Z] <<< [apiv2][body] POST https://cloudresourcemanager.googleapis.com/v1/projects/eloradio-cb017:testIamPermissions {"permissions":["firebase.projects.get"]}
[info] 
[info] Firestore Security Rules allow you to define how and when to allow
[info] requests. You can keep these rules in your project directory
[info] and publish them with firebase deploy.
[info] 
[debug] [2022-12-06T04:48:05.789Z] >>> [apiv2][query] GET https://firebaserules.googleapis.com/v1/projects/eloradio-cb017/releases pageSize=10&pageToken=
[debug] [2022-12-06T04:48:06.297Z] <<< [apiv2][status] GET https://firebaserules.googleapis.com/v1/projects/eloradio-cb017/releases 200
[debug] [2022-12-06T04:48:06.298Z] <<< [apiv2][body] GET https://firebaserules.googleapis.com/v1/projects/eloradio-cb017/releases {"releases":[{"name":"projects/eloradio-cb017/releases/cloud.firestore","rulesetName":"projects/eloradio-cb017/rulesets/2806bd83-4bba-4ac4-a089-402d9c04e669","createTime":"2022-12-06T04:44:59.511008Z","updateTime":"2022-12-06T04:44:59.511008Z"},{"name":"projects/eloradio-cb017/releases/firebase.storage/eloradio-cb017.appspot.com","rulesetName":"projects/eloradio-cb017/rulesets/798de04a-bf26-45bd-9069-98f6018e39db","createTime":"2022-12-06T04:46:16.168789Z","updateTime":"2022-12-06T04:46:16.168789Z"}]}
[debug] [2022-12-06T04:48:06.299Z] Found ruleset: projects/eloradio-cb017/rulesets/2806bd83-4bba-4ac4-a089-402d9c04e669
[debug] [2022-12-06T04:48:06.299Z] >>> [apiv2][query] GET https://firebaserules.googleapis.com/v1/projects/eloradio-cb017/rulesets/2806bd83-4bba-4ac4-a089-402d9c04e669 [none]
[debug] [2022-12-06T04:48:06.789Z] <<< [apiv2][status] GET https://firebaserules.googleapis.com/v1/projects/eloradio-cb017/rulesets/2806bd83-4bba-4ac4-a089-402d9c04e669 200
[debug] [2022-12-06T04:48:06.790Z] <<< [apiv2][body] GET https://firebaserules.googleapis.com/v1/projects/eloradio-cb017/rulesets/2806bd83-4bba-4ac4-a089-402d9c04e669 [omitted]
[info] 
[info] Firestore indexes allow you to perform complex queries while
[info] maintaining performance that scales with the size of the result
[info] set. You can keep index definitions in your project directory
[info] and publish them with firebase deploy.
[info] 
[debug] [2022-12-06T04:48:08.199Z] >>> [apiv2][query] GET https://firestore.googleapis.com/v1/projects/eloradio-cb017/databases/(default)/collectionGroups/-/indexes [none]
[debug] [2022-12-06T04:48:08.203Z] >>> [apiv2][query] GET https://firestore.googleapis.com/v1/projects/eloradio-cb017/databases/(default)/collectionGroups/-/fields?filter=indexConfig.usesAncestorConfig=false [none]
[debug] [2022-12-06T04:48:09.109Z] <<< [apiv2][status] GET https://firestore.googleapis.com/v1/projects/eloradio-cb017/databases/(default)/collectionGroups/-/indexes 200
[debug] [2022-12-06T04:48:09.110Z] <<< [apiv2][body] GET https://firestore.googleapis.com/v1/projects/eloradio-cb017/databases/(default)/collectionGroups/-/indexes {}
[debug] [2022-12-06T04:48:09.206Z] <<< [apiv2][status] GET https://firestore.googleapis.com/v1/projects/eloradio-cb017/databases/(default)/collectionGroups/-/fields?filter=indexConfig.usesAncestorConfig=false 200
[debug] [2022-12-06T04:48:09.206Z] <<< [apiv2][body] GET https://firestore.googleapis.com/v1/projects/eloradio-cb017/databases/(default)/collectionGroups/-/fields?filter=indexConfig.usesAncestorConfig=false {"fields":[{"name":"projects/eloradio-cb017/databases/(default)/collectionGroups/__default__/fields/*","indexConfig":{"indexes":[{"queryScope":"COLLECTION","fields":[{"fieldPath":"*","order":"ASCENDING"}],"state":"READY"},{"queryScope":"COLLECTION","fields":[{"fieldPath":"*","order":"DESCENDING"}],"state":"READY"},{"queryScope":"COLLECTION","fields":[{"fieldPath":"*","arrayConfig":"CONTAINS"}],"state":"READY"}]}}]}
[info] 
=== Functions Setup
[debug] [2022-12-06T04:48:09.207Z] > command requires scopes: ["email","openid","https://www.googleapis.com/auth/cloudplatformprojects.readonly","https://www.googleapis.com/auth/firebase","https://www.googleapis.com/auth/cloud-platform"]
[debug] [2022-12-06T04:48:09.208Z] > authorizing via signed-in user (abhpro@gmail.com)
[debug] [2022-12-06T04:48:09.208Z] [iam] checking project eloradio-cb017 for permissions ["firebase.projects.get"]
[debug] [2022-12-06T04:48:09.208Z] >>> [apiv2][query] POST https://cloudresourcemanager.googleapis.com/v1/projects/eloradio-cb017:testIamPermissions [none]
[debug] [2022-12-06T04:48:09.208Z] >>> [apiv2][(partial)header] POST https://cloudresourcemanager.googleapis.com/v1/projects/eloradio-cb017:testIamPermissions x-goog-quota-user=projects/eloradio-cb017
[debug] [2022-12-06T04:48:09.208Z] >>> [apiv2][body] POST https://cloudresourcemanager.googleapis.com/v1/projects/eloradio-cb017:testIamPermissions {"permissions":["firebase.projects.get"]}
[debug] [2022-12-06T04:48:09.717Z] <<< [apiv2][status] POST https://cloudresourcemanager.googleapis.com/v1/projects/eloradio-cb017:testIamPermissions 200
[debug] [2022-12-06T04:48:09.717Z] <<< [apiv2][body] POST https://cloudresourcemanager.googleapis.com/v1/projects/eloradio-cb017:testIamPermissions {"permissions":["firebase.projects.get"]}
[debug] [2022-12-06T04:48:09.718Z] >>> [apiv2][query] GET https://serviceusage.googleapis.com/v1/projects/eloradio-cb017/services/cloudfunctions.googleapis.com [none]
[debug] [2022-12-06T04:48:09.718Z] >>> [apiv2][(partial)header] GET https://serviceusage.googleapis.com/v1/projects/eloradio-cb017/services/cloudfunctions.googleapis.com x-goog-quota-user=projects/eloradio-cb017
[debug] [2022-12-06T04:48:09.720Z] >>> [apiv2][query] GET https://serviceusage.googleapis.com/v1/projects/eloradio-cb017/services/runtimeconfig.googleapis.com [none]
[debug] [2022-12-06T04:48:09.720Z] >>> [apiv2][(partial)header] GET https://serviceusage.googleapis.com/v1/projects/eloradio-cb017/services/runtimeconfig.googleapis.com x-goog-quota-user=projects/eloradio-cb017
[debug] [2022-12-06T04:48:10.154Z] <<< [apiv2][status] GET https://serviceusage.googleapis.com/v1/projects/eloradio-cb017/services/cloudfunctions.googleapis.com 200
[debug] [2022-12-06T04:48:10.154Z] <<< [apiv2][body] GET https://serviceusage.googleapis.com/v1/projects/eloradio-cb017/services/cloudfunctions.googleapis.com [omitted]
[debug] [2022-12-06T04:48:10.155Z] >>> [apiv2][query] POST https://serviceusage.googleapis.com/v1/projects/eloradio-cb017/services/cloudfunctions.googleapis.com:enable [none]
[debug] [2022-12-06T04:48:10.155Z] >>> [apiv2][(partial)header] POST https://serviceusage.googleapis.com/v1/projects/eloradio-cb017/services/cloudfunctions.googleapis.com:enable x-goog-quota-user=projects/eloradio-cb017
[debug] [2022-12-06T04:48:10.165Z] <<< [apiv2][status] GET https://serviceusage.googleapis.com/v1/projects/eloradio-cb017/services/runtimeconfig.googleapis.com 200
[debug] [2022-12-06T04:48:10.165Z] <<< [apiv2][body] GET https://serviceusage.googleapis.com/v1/projects/eloradio-cb017/services/runtimeconfig.googleapis.com [omitted]
[debug] [2022-12-06T04:48:11.258Z] <<< [apiv2][status] POST https://serviceusage.googleapis.com/v1/projects/eloradio-cb017/services/cloudfunctions.googleapis.com:enable 200
[debug] [2022-12-06T04:48:11.258Z] <<< [apiv2][body] POST https://serviceusage.googleapis.com/v1/projects/eloradio-cb017/services/cloudfunctions.googleapis.com:enable [omitted]
[debug] [2022-12-06T04:48:21.264Z] >>> [apiv2][query] GET https://serviceusage.googleapis.com/v1/projects/eloradio-cb017/services/cloudfunctions.googleapis.com [none]
[debug] [2022-12-06T04:48:21.264Z] >>> [apiv2][(partial)header] GET https://serviceusage.googleapis.com/v1/projects/eloradio-cb017/services/cloudfunctions.googleapis.com x-goog-quota-user=projects/eloradio-cb017
[debug] [2022-12-06T04:48:21.698Z] <<< [apiv2][status] GET https://serviceusage.googleapis.com/v1/projects/eloradio-cb017/services/cloudfunctions.googleapis.com 200
[debug] [2022-12-06T04:48:21.698Z] <<< [apiv2][body] GET https://serviceusage.googleapis.com/v1/projects/eloradio-cb017/services/cloudfunctions.googleapis.com [omitted]
[info] Let's create a new codebase for your functions.
[info] A directory corresponding to the codebase will be created in your project
[info] with sample code pre-configured.

[info] See https://firebase.google.com/docs/functions/organize-functions for
[info] more information on organizing your functions using codebases.

[info] Functions can be deployed with firebase deploy.

[info] ✔  Wrote functions/package.json 
[info] ✔  Wrote functions/.eslintrc.js 
[info] ✔  Wrote functions/index.js 
[info] ✔  Wrote functions/.gitignore 
[info] 
=== Hosting Setup
[info] 
[info] Your public directory is the folder (relative to your project directory) that
[info] will contain Hosting assets to be uploaded with firebase deploy. If you
[info] have a build process for your assets, use your build's output directory.
[info] 
[debug] [2022-12-06T04:49:04.774Z] >>> [apiv2][query] GET https://www.gstatic.com/firebasejs/releases.json [none]
[debug] [2022-12-06T04:49:05.727Z] <<< [apiv2][status] GET https://www.gstatic.com/firebasejs/releases.json 200
[debug] [2022-12-06T04:49:05.727Z] <<< [apiv2][body] GET https://www.gstatic.com/firebasejs/releases.json {"current":{"version":"9.14.0","browserURL":"https://www.gstatic.com/firebasejs/9.14.0/firebase.js","packageURL":"https://www.gstatic.com/firebasejs/9.14.0/firebase.tgz"},"live":{"version":"9.14","browserURL":"https://www.gstatic.com/firebasejs/live/9.14/firebase.js","packageURL":"https://www.gstatic.com/firebasejs/live/9.14/firebase.tgz"},"components":{"analytics":"https://www.gstatic.com/firebasejs/9.14.0/firebase-analytics.js","app":"https://www.gstatic.com/firebasejs/9.14.0/firebase-app.js","app-check":"https://www.gstatic.com/firebasejs/9.14.0/firebase-app-check.js","auth":"https://www.gstatic.com/firebasejs/9.14.0/firebase-auth.js","auth/cordova":"https://www.gstatic.com/firebasejs/9.14.0/firebase-auth/cordova.js","auth/react-native":"https://www.gstatic.com/firebasejs/9.14.0/firebase-auth/react-native.js","functions":"https://www.gstatic.com/firebasejs/9.14.0/firebase-functions.js","firestore":"https://www.gstatic.com/firebasejs/9.14.0/firebase-firestore.js","firestore/lite":"https://www.gstatic.com/firebasejs/9.14.0/firebase-firestore/lite.js","installations":"https://www.gstatic.com/firebasejs/9.14.0/firebase-installations.js","storage":"https://www.gstatic.com/firebasejs/9.14.0/firebase-storage.js","performance":"https://www.gstatic.com/firebasejs/9.14.0/firebase-performance.js","remote-config":"https://www.gstatic.com/firebasejs/9.14.0/firebase-remote-config.js","messaging":"https://www.gstatic.com/firebasejs/9.14.0/firebase-messaging.js","messaging/sw":"https://www.gstatic.com/firebasejs/9.14.0/firebase-messaging/sw.js","database":"https://www.gstatic.com/firebasejs/9.14.0/firebase-database.js","firestore.memory":"https://www.gstatic.com/firebasejs/9.14.0/firebase-firestore.memory.js"}}
[info] i  Skipping write of public/index.html 
[info] 
[info] i  Didn't detect a .git folder. Assuming /Users/andrewharris/Documents/dev/eloradio is the project root. 
[info] i  Authorizing with GitHub to upload your service account to a GitHub repository's secrets store. 
[info] 
[info] Visit this URL on this device to log in:
[info] https://github.com/login/oauth/authorize?client_id=89cf50f02ac6aaed3484&state=339684464&redirect_uri=http%3A%2F%2Flocalhost%3A9005&scope=read%3Auser%20repo%20public_repo
[info] 
[info] Waiting for authentication...
[debug] [2022-12-06T04:49:33.276Z] ----------------------------------------------------------------------
[debug] [2022-12-06T04:49:33.277Z] Command:       /usr/local/bin/firebase /Users/andrewharris/.cache/firebase/tools/lib/node_modules/firebase-tools/lib/bin/firebase init
[debug] [2022-12-06T04:49:33.278Z] CLI Version:   11.16.1
[debug] [2022-12-06T04:49:33.278Z] Platform:      darwin
[debug] [2022-12-06T04:49:33.278Z] Node Version:  v16.16.0
[debug] [2022-12-06T04:49:33.279Z] Time:          Mon Dec 05 2022 23:49:33 GMT-0500 (Eastern Standard Time)
[debug] [2022-12-06T04:49:33.280Z] ----------------------------------------------------------------------
[debug] 
[debug] [2022-12-06T04:49:33.289Z] > command requires scopes: ["email","openid","https://www.googleapis.com/auth/cloudplatformprojects.readonly","https://www.googleapis.com/auth/firebase","https://www.googleapis.com/auth/cloud-platform"]
[debug] [2022-12-06T04:49:33.290Z] > authorizing via signed-in user (abhpro@gmail.com)
[info] 
     ######## #### ########  ######## ########     ###     ######  ########
     ##        ##  ##     ## ##       ##     ##  ##   ##  ##       ##
     ######    ##  ########  ######   ########  #########  ######  ######
     ##        ##  ##    ##  ##       ##     ## ##     ##       ## ##
     ##       #### ##     ## ######## ########  ##     ##  ######  ########

You're about to initialize a Firebase project in this directory:

  /Users/andrewharris/Documents/dev/eloradio

[info] 
=== Project Setup
[info] 
[info] First, let's associate this project directory with a Firebase project.
[info] You can create multiple project aliases by running firebase use --add, 
[info] but for now we'll just set up a default project.
[info] 
[debug] [2022-12-06T04:49:39.934Z] >>> [apiv2][query] GET https://firebase.googleapis.com/v1beta1/projects pageSize=100
[debug] [2022-12-06T04:49:41.058Z] <<< [apiv2][status] GET https://firebase.googleapis.com/v1beta1/projects 200
[debug] [2022-12-06T04:49:41.058Z] <<< [apiv2][body] GET https://firebase.googleapis.com/v1beta1/projects [omitted]
[info] i  Using project eloradio-cb017 (eloradio) 
[info] 
=== Firestore Setup
[debug] [2022-12-06T04:49:42.167Z] >>> [apiv2][query] GET https://serviceusage.googleapis.com/v1/projects/eloradio-cb017/services/firestore.googleapis.com [none]
[debug] [2022-12-06T04:49:42.167Z] >>> [apiv2][(partial)header] GET https://serviceusage.googleapis.com/v1/projects/eloradio-cb017/services/firestore.googleapis.com x-goog-quota-user=projects/eloradio-cb017
[debug] [2022-12-06T04:49:43.306Z] <<< [apiv2][status] GET https://serviceusage.googleapis.com/v1/projects/eloradio-cb017/services/firestore.googleapis.com 200
[debug] [2022-12-06T04:49:43.306Z] <<< [apiv2][body] GET https://serviceusage.googleapis.com/v1/projects/eloradio-cb017/services/firestore.googleapis.com [omitted]
[debug] [2022-12-06T04:49:43.307Z] >>> [apiv2][query] GET https://appengine.googleapis.com/v1/apps/eloradio-cb017 [none]
[debug] [2022-12-06T04:49:43.829Z] <<< [apiv2][status] GET https://appengine.googleapis.com/v1/apps/eloradio-cb017 200
[debug] [2022-12-06T04:49:43.829Z] <<< [apiv2][body] GET https://appengine.googleapis.com/v1/apps/eloradio-cb017 {"name":"apps/eloradio-cb017","id":"eloradio-cb017","authDomain":"gmail.com","locationId":"us-central","codeBucket":"staging.eloradio-cb017.appspot.com","servingStatus":"SERVING","defaultHostname":"eloradio-cb017.uc.r.appspot.com","defaultBucket":"eloradio-cb017.appspot.com","serviceAccount":"eloradio-cb017@appspot.gserviceaccount.com","gcrDomain":"us.gcr.io","databaseType":"CLOUD_FIRESTORE","featureSettings":{"splitHealthChecks":true,"useContainerOptimizedOs":true}}
[debug] [2022-12-06T04:49:43.829Z] database_type: CLOUD_FIRESTORE
[debug] [2022-12-06T04:49:43.829Z] > command requires scopes: ["email","openid","https://www.googleapis.com/auth/cloudplatformprojects.readonly","https://www.googleapis.com/auth/firebase","https://www.googleapis.com/auth/cloud-platform"]
[debug] [2022-12-06T04:49:43.830Z] > authorizing via signed-in user (abhpro@gmail.com)
[debug] [2022-12-06T04:49:43.830Z] [iam] checking project eloradio-cb017 for permissions ["firebase.projects.get"]
[debug] [2022-12-06T04:49:43.830Z] >>> [apiv2][query] POST https://cloudresourcemanager.googleapis.com/v1/projects/eloradio-cb017:testIamPermissions [none]
[debug] [2022-12-06T04:49:43.831Z] >>> [apiv2][(partial)header] POST https://cloudresourcemanager.googleapis.com/v1/projects/eloradio-cb017:testIamPermissions x-goog-quota-user=projects/eloradio-cb017
[debug] [2022-12-06T04:49:43.831Z] >>> [apiv2][body] POST https://cloudresourcemanager.googleapis.com/v1/projects/eloradio-cb017:testIamPermissions {"permissions":["firebase.projects.get"]}
[debug] [2022-12-06T04:49:44.659Z] <<< [apiv2][status] POST https://cloudresourcemanager.googleapis.com/v1/projects/eloradio-cb017:testIamPermissions 200
[debug] [2022-12-06T04:49:44.659Z] <<< [apiv2][body] POST https://cloudresourcemanager.googleapis.com/v1/projects/eloradio-cb017:testIamPermissions {"permissions":["firebase.projects.get"]}
[info] 
[info] Firestore Security Rules allow you to define how and when to allow
[info] requests. You can keep these rules in your project directory
[info] and publish them with firebase deploy.
[info] 
[debug] [2022-12-06T04:49:48.951Z] >>> [apiv2][query] GET https://firebaserules.googleapis.com/v1/projects/eloradio-cb017/releases pageSize=10&pageToken=
[debug] [2022-12-06T04:49:49.775Z] <<< [apiv2][status] GET https://firebaserules.googleapis.com/v1/projects/eloradio-cb017/releases 200
[debug] [2022-12-06T04:49:49.777Z] <<< [apiv2][body] GET https://firebaserules.googleapis.com/v1/projects/eloradio-cb017/releases {"releases":[{"name":"projects/eloradio-cb017/releases/cloud.firestore","rulesetName":"projects/eloradio-cb017/rulesets/2806bd83-4bba-4ac4-a089-402d9c04e669","createTime":"2022-12-06T04:44:59.511008Z","updateTime":"2022-12-06T04:44:59.511008Z"},{"name":"projects/eloradio-cb017/releases/firebase.storage/eloradio-cb017.appspot.com","rulesetName":"projects/eloradio-cb017/rulesets/798de04a-bf26-45bd-9069-98f6018e39db","createTime":"2022-12-06T04:46:16.168789Z","updateTime":"2022-12-06T04:46:16.168789Z"}]}
[debug] [2022-12-06T04:49:49.777Z] Found ruleset: projects/eloradio-cb017/rulesets/2806bd83-4bba-4ac4-a089-402d9c04e669
[debug] [2022-12-06T04:49:49.777Z] >>> [apiv2][query] GET https://firebaserules.googleapis.com/v1/projects/eloradio-cb017/rulesets/2806bd83-4bba-4ac4-a089-402d9c04e669 [none]
[debug] [2022-12-06T04:49:49.979Z] <<< [apiv2][status] GET https://firebaserules.googleapis.com/v1/projects/eloradio-cb017/rulesets/2806bd83-4bba-4ac4-a089-402d9c04e669 200
[debug] [2022-12-06T04:49:49.980Z] <<< [apiv2][body] GET https://firebaserules.googleapis.com/v1/projects/eloradio-cb017/rulesets/2806bd83-4bba-4ac4-a089-402d9c04e669 [omitted]
[info] 
[info] Firestore indexes allow you to perform complex queries while
[info] maintaining performance that scales with the size of the result
[info] set. You can keep index definitions in your project directory
[info] and publish them with firebase deploy.
[info] 
[debug] [2022-12-06T04:49:54.082Z] >>> [apiv2][query] GET https://firestore.googleapis.com/v1/projects/eloradio-cb017/databases/(default)/collectionGroups/-/indexes [none]
[debug] [2022-12-06T04:49:54.083Z] >>> [apiv2][query] GET https://firestore.googleapis.com/v1/projects/eloradio-cb017/databases/(default)/collectionGroups/-/fields?filter=indexConfig.usesAncestorConfig=false [none]
[debug] [2022-12-06T04:49:54.803Z] <<< [apiv2][status] GET https://firestore.googleapis.com/v1/projects/eloradio-cb017/databases/(default)/collectionGroups/-/fields?filter=indexConfig.usesAncestorConfig=false 200
[debug] [2022-12-06T04:49:54.803Z] <<< [apiv2][body] GET https://firestore.googleapis.com/v1/projects/eloradio-cb017/databases/(default)/collectionGroups/-/fields?filter=indexConfig.usesAncestorConfig=false {"fields":[{"name":"projects/eloradio-cb017/databases/(default)/collectionGroups/__default__/fields/*","indexConfig":{"indexes":[{"queryScope":"COLLECTION","fields":[{"fieldPath":"*","order":"ASCENDING"}],"state":"READY"},{"queryScope":"COLLECTION","fields":[{"fieldPath":"*","order":"DESCENDING"}],"state":"READY"},{"queryScope":"COLLECTION","fields":[{"fieldPath":"*","arrayConfig":"CONTAINS"}],"state":"READY"}]}}]}
[debug] [2022-12-06T04:49:55.288Z] <<< [apiv2][status] GET https://firestore.googleapis.com/v1/projects/eloradio-cb017/databases/(default)/collectionGroups/-/indexes 200
[debug] [2022-12-06T04:49:55.288Z] <<< [apiv2][body] GET https://firestore.googleapis.com/v1/projects/eloradio-cb017/databases/(default)/collectionGroups/-/indexes {}
[info] 
=== Functions Setup
[debug] [2022-12-06T04:49:55.289Z] > command requires scopes: ["email","openid","https://www.googleapis.com/auth/cloudplatformprojects.readonly","https://www.googleapis.com/auth/firebase","https://www.googleapis.com/auth/cloud-platform"]
[debug] [2022-12-06T04:49:55.289Z] > authorizing via signed-in user (abhpro@gmail.com)
[debug] [2022-12-06T04:49:55.289Z] [iam] checking project eloradio-cb017 for permissions ["firebase.projects.get"]
[debug] [2022-12-06T04:49:55.289Z] >>> [apiv2][query] POST https://cloudresourcemanager.googleapis.com/v1/projects/eloradio-cb017:testIamPermissions [none]
[debug] [2022-12-06T04:49:55.290Z] >>> [apiv2][(partial)header] POST https://cloudresourcemanager.googleapis.com/v1/projects/eloradio-cb017:testIamPermissions x-goog-quota-user=projects/eloradio-cb017
[debug] [2022-12-06T04:49:55.290Z] >>> [apiv2][body] POST https://cloudresourcemanager.googleapis.com/v1/projects/eloradio-cb017:testIamPermissions {"permissions":["firebase.projects.get"]}
[debug] [2022-12-06T04:49:55.804Z] <<< [apiv2][status] POST https://cloudresourcemanager.googleapis.com/v1/projects/eloradio-cb017:testIamPermissions 200
[debug] [2022-12-06T04:49:55.805Z] <<< [apiv2][body] POST https://cloudresourcemanager.googleapis.com/v1/projects/eloradio-cb017:testIamPermissions {"permissions":["firebase.projects.get"]}
[debug] [2022-12-06T04:49:55.805Z] >>> [apiv2][query] GET https://serviceusage.googleapis.com/v1/projects/eloradio-cb017/services/cloudfunctions.googleapis.com [none]
[debug] [2022-12-06T04:49:55.806Z] >>> [apiv2][(partial)header] GET https://serviceusage.googleapis.com/v1/projects/eloradio-cb017/services/cloudfunctions.googleapis.com x-goog-quota-user=projects/eloradio-cb017
[debug] [2022-12-06T04:49:55.807Z] >>> [apiv2][query] GET https://serviceusage.googleapis.com/v1/projects/eloradio-cb017/services/runtimeconfig.googleapis.com [none]
[debug] [2022-12-06T04:49:55.807Z] >>> [apiv2][(partial)header] GET https://serviceusage.googleapis.com/v1/projects/eloradio-cb017/services/runtimeconfig.googleapis.com x-goog-quota-user=projects/eloradio-cb017
[debug] [2022-12-06T04:49:56.261Z] <<< [apiv2][status] GET https://serviceusage.googleapis.com/v1/projects/eloradio-cb017/services/runtimeconfig.googleapis.com 200
[debug] [2022-12-06T04:49:56.261Z] <<< [apiv2][body] GET https://serviceusage.googleapis.com/v1/projects/eloradio-cb017/services/runtimeconfig.googleapis.com [omitted]
[debug] [2022-12-06T04:49:56.472Z] <<< [apiv2][status] GET https://serviceusage.googleapis.com/v1/projects/eloradio-cb017/services/cloudfunctions.googleapis.com 200
[debug] [2022-12-06T04:49:56.472Z] <<< [apiv2][body] GET https://serviceusage.googleapis.com/v1/projects/eloradio-cb017/services/cloudfunctions.googleapis.com [omitted]
[info] 
Detected existing codebase(s): default

[info] 
Overwriting codebase default...

[info] ✔  Wrote functions/package.json 
[info] ✔  Wrote functions/.eslintrc.js 
[info] ✔  Wrote functions/index.js 
[info] ✔  Wrote functions/.gitignore 
[info] 
=== Hosting Setup
[info] 
[info] Your public directory is the folder (relative to your project directory) that
[info] will contain Hosting assets to be uploaded with firebase deploy. If you
[info] have a build process for your assets, use your build's output directory.
[info] 
[debug] [2022-12-06T04:50:51.524Z] >>> [apiv2][query] GET https://www.gstatic.com/firebasejs/releases.json [none]
[debug] [2022-12-06T04:50:52.125Z] <<< [apiv2][status] GET https://www.gstatic.com/firebasejs/releases.json 200
[debug] [2022-12-06T04:50:52.127Z] <<< [apiv2][body] GET https://www.gstatic.com/firebasejs/releases.json {"current":{"version":"9.14.0","browserURL":"https://www.gstatic.com/firebasejs/9.14.0/firebase.js","packageURL":"https://www.gstatic.com/firebasejs/9.14.0/firebase.tgz"},"live":{"version":"9.14","browserURL":"https://www.gstatic.com/firebasejs/live/9.14/firebase.js","packageURL":"https://www.gstatic.com/firebasejs/live/9.14/firebase.tgz"},"components":{"analytics":"https://www.gstatic.com/firebasejs/9.14.0/firebase-analytics.js","app":"https://www.gstatic.com/firebasejs/9.14.0/firebase-app.js","app-check":"https://www.gstatic.com/firebasejs/9.14.0/firebase-app-check.js","auth":"https://www.gstatic.com/firebasejs/9.14.0/firebase-auth.js","auth/cordova":"https://www.gstatic.com/firebasejs/9.14.0/firebase-auth/cordova.js","auth/react-native":"https://www.gstatic.com/firebasejs/9.14.0/firebase-auth/react-native.js","functions":"https://www.gstatic.com/firebasejs/9.14.0/firebase-functions.js","firestore":"https://www.gstatic.com/firebasejs/9.14.0/firebase-firestore.js","firestore/lite":"https://www.gstatic.com/firebasejs/9.14.0/firebase-firestore/lite.js","installations":"https://www.gstatic.com/firebasejs/9.14.0/firebase-installations.js","storage":"https://www.gstatic.com/firebasejs/9.14.0/firebase-storage.js","performance":"https://www.gstatic.com/firebasejs/9.14.0/firebase-performance.js","remote-config":"https://www.gstatic.com/firebasejs/9.14.0/firebase-remote-config.js","messaging":"https://www.gstatic.com/firebasejs/9.14.0/firebase-messaging.js","messaging/sw":"https://www.gstatic.com/firebasejs/9.14.0/firebase-messaging/sw.js","database":"https://www.gstatic.com/firebasejs/9.14.0/firebase-database.js","firestore.memory":"https://www.gstatic.com/firebasejs/9.14.0/firebase-firestore.memory.js"}}
[info] i  Skipping write of build/index.html 
[info] 
[info] i  Didn't detect a .git folder. Assuming /Users/andrewharris/Documents/dev/eloradio is the project root. 
[info] i  Authorizing with GitHub to upload your service account to a GitHub repository's secrets store. 
[info] 
[info] Visit this URL on this device to log in:
[info] https://github.com/login/oauth/authorize?client_id=89cf50f02ac6aaed3484&state=674536900&redirect_uri=http%3A%2F%2Flocalhost%3A9005&scope=read%3Auser%20repo%20public_repo
[info] 
[info] Waiting for authentication...
[debug] [2022-12-06T04:51:15.632Z] >>> [apiv2][query] POST https://github.com/login/oauth/access_token [none]
[debug] [2022-12-06T04:51:15.632Z] >>> [apiv2][body] POST https://github.com/login/oauth/access_token [stream]
[debug] [2022-12-06T04:51:15.820Z] <<< [apiv2][status] POST https://github.com/login/oauth/access_token 200
[debug] [2022-12-06T04:51:15.820Z] <<< [apiv2][body] POST https://github.com/login/oauth/access_token {"access_token":"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","token_type":"bearer","scope":"read:user,repo"}
[debug] [2022-12-06T04:51:15.850Z] >>> [apiv2][query] GET https://api.github.com/user [none]
[debug] [2022-12-06T04:51:16.393Z] <<< [apiv2][status] GET https://api.github.com/user 200
[debug] [2022-12-06T04:51:16.393Z] <<< [apiv2][body] GET https://api.github.com/user {"login":"didrio","id":29834134,"node_id":"MDQ6VXNlcjI5ODM0MTM0","avatar_url":"https://avatars.githubusercontent.com/u/29834134?v=4","gravatar_id":"","url":"https://api.github.com/users/didrio","html_url":"https://github.com/didrio","followers_url":"https://api.github.com/users/didrio/followers","following_url":"https://api.github.com/users/didrio/following{/other_user}","gists_url":"https://api.github.com/users/didrio/gists{/gist_id}","starred_url":"https://api.github.com/users/didrio/starred{/owner}{/repo}","subscriptions_url":"https://api.github.com/users/didrio/subscriptions","organizations_url":"https://api.github.com/users/didrio/orgs","repos_url":"https://api.github.com/users/didrio/repos","events_url":"https://api.github.com/users/didrio/events{/privacy}","received_events_url":"https://api.github.com/users/didrio/received_events","type":"User","site_admin":false,"name":"Andrew Harris","company":null,"blog":"","location":"Los Angeles, CA","email":"ididrio@gmail.com","hireable":true,"bio":"Web Developer","twitter_username":null,"public_repos":26,"public_gists":2,"followers":24,"following":9,"created_at":"2017-07-02T10:08:19Z","updated_at":"2022-12-05T05:07:59Z","private_gists":0,"total_private_repos":49,"owned_private_repos":19,"disk_usage":152232,"collaborators":0,"two_factor_authentication":true,"plan":{"name":"pro","space":976562499,"collaborators":0,"private_repos":9999}}
[info] 
[info] ✔  Success! Logged into GitHub as didrio 
[info] 
